{"error":{"name":"SequelizeAccessDeniedError"},"level":"error","message":"❌ Database connection error:","timestamp":"2026-07-01T09:20:43.313Z"}
{"error":{"name":"SequelizeDatabaseError","parameters":{},"sql":"ALTER TABLE `Parents` CHANGE `createdAt` `createdAt` DATETIME(6) NOT NULL;"},"level":"error","message":"Unable to connect to the database schema:","timestamp":"2026-07-01T10:45:55.013Z"}
{"error":{"name":"SequelizeDatabaseError","parameters":{},"sql":"ALTER TABLE `Teachers` CHANGE `createdAt` `createdAt` DATETIME(6) NOT NULL;"},"level":"error","message":"Unable to connect to the database schema:","timestamp":"2026-07-01T13:33:04.929Z"}
{"error":{"name":"SequelizeDatabaseError","parameters":{},"sql":"ALTER TABLE `Parents` CHANGE `createdAt` `createdAt` DATETIME(6) NOT NULL;"},"level":"error","message":"Unable to connect to the database schema:","timestamp":"2026-07-01T13:40:33.553Z"}
{"duration":1375,"level":"error","message":"<-- POST /users/send-auth 500 1375ms","method":"POST","status":500,"timestamp":"2026-07-01T13:40:40.104Z","url":"/users/send-auth"}
{"duration":1454,"level":"error","message":"<-- POST /users/send-auth 500 1454ms","method":"POST","status":500,"timestamp":"2026-07-01T13:40:46.603Z","url":"/users/send-auth"}
{"duration":1397,"level":"error","message":"<-- POST /users/send-auth 500 1397ms","method":"POST","status":500,"timestamp":"2026-07-01T13:40:57.728Z","url":"/users/send-auth"}
{"duration":31,"level":"error","message":"<-- POST /users/send-auth 500 31ms","method":"POST","status":500,"timestamp":"2026-07-01T13:43:37.913Z","url":"/users/send-auth"}
{"duration":18,"level":"error","message":"<-- POST /users/send-auth 500 18ms","method":"POST","status":500,"timestamp":"2026-07-01T13:43:38.847Z","url":"/users/send-auth"}
{"duration":1047,"level":"error","message":"<-- POST /users/send-auth 500 1047ms","method":"POST","status":500,"timestamp":"2026-07-01T13:43:51.758Z","url":"/users/send-auth"}
{"duration":6,"level":"error","message":"<-- POST /users/send-auth 500 6ms","method":"POST","status":500,"timestamp":"2026-07-01T13:44:09.014Z","url":"/users/send-auth"}
{"error":{"name":"SequelizeDatabaseError","parameters":{},"sql":"ALTER TABLE `Parents` CHANGE `createdAt` `createdAt` DATETIME(6) NOT NULL;"},"level":"error","message":"Unable to connect to the database schema:","timestamp":"2026-07-01T14:13:17.159Z"}
{"error":{"name":"SequelizeDatabaseError","parameters":{},"sql":"ALTER TABLE `Parents` CHANGE `createdAt` `createdAt` DATETIME(6) NOT NULL;"},"level":"error","message":"Unable to connect to the database schema:","timestamp":"2026-07-01T21:59:17.034Z"}
{"error":{"name":"SequelizeDatabaseError","parameters":{},"sql":"ALTER TABLE `Parents` CHANGE `createdAt` `createdAt` DATETIME(6) NOT NULL;"},"level":"error","message":"Unable to connect to the database schema:","timestamp":"2026-07-01T22:01:10.492Z"}
{"error":{"fields":["classId"],"index":"students_ibfk_10","name":"SequelizeForeignKeyConstraintError","parameters":[0,"2026-07-02 09:52:35.403",30],"reltype":"child","sql":"UPDATE `Students` SET `classId`=?,`updatedAt`=? WHERE `id` = ?","table":"classes"},"level":"error","message":"Error in updateUser:","timestamp":"2026-07-02T09:52:35.417Z"}
{"duration":17,"level":"error","message":"<-- PATCH /admin/users/54 500 17ms","method":"PATCH","status":500,"timestamp":"2026-07-02T09:52:35.417Z","url":"/admin/users/54"}
{"error":{"fields":["classId"],"index":"students_ibfk_10","name":"SequelizeForeignKeyConstraintError","parameters":[0,"2026-07-02 09:52:37.033",30],"reltype":"child","sql":"UPDATE `Students` SET `classId`=?,`updatedAt`=? WHERE `id` = ?","table":"classes"},"level":"error","message":"Error in updateUser:","timestamp":"2026-07-02T09:52:37.038Z"}
{"duration":8,"level":"error","message":"<-- PATCH /admin/users/54 500 8ms","method":"PATCH","status":500,"timestamp":"2026-07-02T09:52:37.038Z","url":"/admin/users/54"}
{"error":{"fields":["classId"],"index":"students_ibfk_10","name":"SequelizeForeignKeyConstraintError","parameters":[0,"2026-07-02 09:52:38.763",30],"reltype":"child","sql":"UPDATE `Students` SET `classId`=?,`updatedAt`=? WHERE `id` = ?","table":"classes"},"level":"error","message":"Error in updateUser:","timestamp":"2026-07-02T09:52:38.771Z"}
{"duration":10,"level":"error","message":"<-- PATCH /admin/users/54 500 10ms","method":"PATCH","status":500,"timestamp":"2026-07-02T09:52:38.771Z","url":"/admin/users/54"}
{"error":{"fields":["classId"],"index":"students_ibfk_10","name":"SequelizeForeignKeyConstraintError","parameters":[0,"2026-07-02 09:52:39.716",30],"reltype":"child","sql":"UPDATE `Students` SET `classId`=?,`updatedAt`=? WHERE `id` = ?","table":"classes"},"level":"error","message":"Error in updateUser:","timestamp":"2026-07-02T09:52:39.720Z"}
{"duration":7,"level":"error","message":"<-- PATCH /admin/users/54 500 7ms","method":"PATCH","status":500,"timestamp":"2026-07-02T09:52:39.721Z","url":"/admin/users/54"}
{"error":{"fields":["classId"],"index":"students_ibfk_10","name":"SequelizeForeignKeyConstraintError","parameters":[0,"2026-07-02 09:52:40.647",30],"reltype":"child","sql":"UPDATE `Students` SET `classId`=?,`updatedAt`=? WHERE `id` = ?","table":"classes"},"level":"error","message":"Error in updateUser:","timestamp":"2026-07-02T09:52:40.653Z"}
{"duration":8,"level":"error","message":"<-- PATCH /admin/users/54 500 8ms","method":"PATCH","status":500,"timestamp":"2026-07-02T09:52:40.653Z","url":"/admin/users/54"}
{"error":{"fields":["classId"],"index":"students_ibfk_10","name":"SequelizeForeignKeyConstraintError","parameters":[0,"2026-07-02 09:52:56.846",30],"reltype":"child","sql":"UPDATE `Students` SET `classId`=?,`updatedAt`=? WHERE `id` = ?","table":"classes"},"level":"error","message":"Error in updateUser:","timestamp":"2026-07-02T09:52:56.852Z"}
{"duration":9,"level":"error","message":"<-- PATCH /admin/users/54 500 9ms","method":"PATCH","status":500,"timestamp":"2026-07-02T09:52:56.853Z","url":"/admin/users/54"}
{"error":{"name":"SequelizeAssociationError"},"level":"error","message":"❌ Database connection error:","timestamp":"2026-07-02T12:38:02.186Z"}
{"error":{"name":"SequelizeAssociationError"},"level":"error","message":"❌ Database connection error:","timestamp":"2026-07-02T12:38:06.318Z"}
{"error":{"name":"SequelizeAssociationError"},"level":"error","message":"❌ Database connection error:","timestamp":"2026-07-02T12:38:26.858Z"}
{"error":{"name":"SequelizeAssociationError"},"level":"error","message":"❌ Database connection error:","timestamp":"2026-07-02T12:38:55.206Z"}
{"error":{"name":"SequelizeAssociationError"},"level":"error","message":"❌ Database connection error:","timestamp":"2026-07-02T12:39:12.359Z"}
{"error":{"name":"SequelizeAssociationError"},"level":"error","message":"❌ Database connection error:","timestamp":"2026-07-02T12:39:15.490Z"}
{"error":{"name":"SequelizeAssociationError"},"level":"error","message":"❌ Database connection error:","timestamp":"2026-07-02T12:39:22.858Z"}
{"error":{"name":"SequelizeAssociationError"},"level":"error","message":"❌ Database connection error:","timestamp":"2026-07-02T12:39:39.553Z"}
{"error":{"name":"SequelizeAssociationError"},"level":"error","message":"❌ Database connection error:","timestamp":"2026-07-02T12:39:52.756Z"}
{"error":{"name":"SequelizeAssociationError"},"level":"error","message":"❌ Database connection error:","timestamp":"2026-07-02T12:40:04.012Z"}
{"error":{"name":"SequelizeAssociationError"},"level":"error","message":"❌ Database connection error:","timestamp":"2026-07-02T12:40:09.092Z"}
{"error":{"name":"SequelizeAssociationError"},"level":"error","message":"❌ Database connection error:","timestamp":"2026-07-02T12:40:59.546Z"}
{"error":{"name":"SequelizeDatabaseError","parameters":{},"sql":"ALTER TABLE `Parents` CHANGE `createdAt` `createdAt` DATETIME(6) NOT NULL;"},"level":"error","message":"Unable to connect to the database schema:","timestamp":"2026-07-02T12:42:37.313Z"}
{"error":{"name":"SequelizeDatabaseError","parameters":{},"sql":"SELECT `id`, `name`, `createdAt`, `updatedAt` FROM `Grades` AS `Grade` WHERE `Grade`.`name` = 'primary' ORDER BY `Grade`.`id` LIMIT 1;"},"level":"error","message":"❌ Error seeding and migrating grades:","timestamp":"2026-07-02T12:42:37.325Z"}
{"error":{"name":"SequelizeDatabaseError","parameters":{},"sql":"ALTER TABLE `Parents` CHANGE `createdAt` `createdAt` DATETIME(6) NOT NULL;"},"level":"error","message":"Unable to connect to the database schema:","timestamp":"2026-07-02T12:45:59.831Z"}
